0 info it worked if it ends with ok
1 verbose cli [ '/usr/local/Cellar/node/0.10.15/bin/node',
1 verbose cli   '/usr/local/bin/npm',
1 verbose cli   'install' ]
2 info using npm@1.3.5
3 info using node@v0.10.15
4 warn package.json main-bootstrap-3-theme@1.0.0 No repository field.
5 warn package.json main-bootstrap-3-theme@1.0.0 No README data
6 verbose readDependencies using package.json deps
7 verbose install where, deps [ '/Users/jake/Sites/cpfc-members/wp-content/themes/main_bs3',
7 verbose install   [ 'grunt',
7 verbose install     'grunt-contrib-watch',
7 verbose install     'grunt-contrib-uglify',
7 verbose install     'grunt-contrib-compass',
7 verbose install     'grunt-contrib-concat',
7 verbose install     'grunt-autoprefixer',
7 verbose install     'grunt-contrib-cssmin',
7 verbose install     'grunt-contrib-jshint',
7 verbose install     'grunt-contrib-clean',
7 verbose install     'load-grunt-tasks',
7 verbose install     'grunt-shell',
7 verbose install     'grunt-notify',
7 verbose install     'grunt-usemin' ] ]
8 info preinstall main-bootstrap-3-theme@1.0.0
9 verbose readDependencies using package.json deps
10 verbose already installed skipping grunt-contrib-uglify@~0.6.0 /Users/jake/Sites/cpfc-members/wp-content/themes/main_bs3
11 verbose already installed skipping grunt@~0.4.5 /Users/jake/Sites/cpfc-members/wp-content/themes/main_bs3
12 verbose already installed skipping grunt-contrib-watch@~0.6.1 /Users/jake/Sites/cpfc-members/wp-content/themes/main_bs3
13 verbose already installed skipping grunt-contrib-compass@~0.9.1 /Users/jake/Sites/cpfc-members/wp-content/themes/main_bs3
14 verbose cache add [ 'grunt-contrib-concat@^0.5.0', null ]
15 verbose cache add name=undefined spec="grunt-contrib-concat@^0.5.0" args=["grunt-contrib-concat@^0.5.0",null]
16 verbose parsed url { protocol: null,
16 verbose parsed url   slashes: null,
16 verbose parsed url   auth: null,
16 verbose parsed url   host: null,
16 verbose parsed url   port: null,
16 verbose parsed url   hostname: null,
16 verbose parsed url   hash: null,
16 verbose parsed url   search: null,
16 verbose parsed url   query: null,
16 verbose parsed url   pathname: 'grunt-contrib-concat@^0.5.0',
16 verbose parsed url   path: 'grunt-contrib-concat@^0.5.0',
16 verbose parsed url   href: 'grunt-contrib-concat@^0.5.0' }
17 verbose cache add name="grunt-contrib-concat" spec="^0.5.0" args=["grunt-contrib-concat","^0.5.0"]
18 verbose parsed url { protocol: null,
18 verbose parsed url   slashes: null,
18 verbose parsed url   auth: null,
18 verbose parsed url   host: null,
18 verbose parsed url   port: null,
18 verbose parsed url   hostname: null,
18 verbose parsed url   hash: null,
18 verbose parsed url   search: null,
18 verbose parsed url   query: null,
18 verbose parsed url   pathname: '^0.5.0',
18 verbose parsed url   path: '^0.5.0',
18 verbose parsed url   href: '^0.5.0' }
19 verbose addNamed [ 'grunt-contrib-concat', '^0.5.0' ]
20 verbose addNamed [ null, null ]
21 verbose cache add [ 'grunt-autoprefixer@^2.0.0', null ]
22 verbose cache add name=undefined spec="grunt-autoprefixer@^2.0.0" args=["grunt-autoprefixer@^2.0.0",null]
23 verbose parsed url { protocol: null,
23 verbose parsed url   slashes: null,
23 verbose parsed url   auth: null,
23 verbose parsed url   host: null,
23 verbose parsed url   port: null,
23 verbose parsed url   hostname: null,
23 verbose parsed url   hash: null,
23 verbose parsed url   search: null,
23 verbose parsed url   query: null,
23 verbose parsed url   pathname: 'grunt-autoprefixer@^2.0.0',
23 verbose parsed url   path: 'grunt-autoprefixer@^2.0.0',
23 verbose parsed url   href: 'grunt-autoprefixer@^2.0.0' }
24 verbose cache add name="grunt-autoprefixer" spec="^2.0.0" args=["grunt-autoprefixer","^2.0.0"]
25 verbose parsed url { protocol: null,
25 verbose parsed url   slashes: null,
25 verbose parsed url   auth: null,
25 verbose parsed url   host: null,
25 verbose parsed url   port: null,
25 verbose parsed url   hostname: null,
25 verbose parsed url   hash: null,
25 verbose parsed url   search: null,
25 verbose parsed url   query: null,
25 verbose parsed url   pathname: '^2.0.0',
25 verbose parsed url   path: '^2.0.0',
25 verbose parsed url   href: '^2.0.0' }
26 verbose addNamed [ 'grunt-autoprefixer', '^2.0.0' ]
27 verbose addNamed [ null, null ]
28 verbose already installed skipping grunt-contrib-cssmin@~0.10.0 /Users/jake/Sites/cpfc-members/wp-content/themes/main_bs3
29 silly lockFile 47c410cb-grunt-contrib-concat-0-5-0 grunt-contrib-concat@^0.5.0
30 verbose lock grunt-contrib-concat@^0.5.0 /Users/jake/.npm/47c410cb-grunt-contrib-concat-0-5-0.lock
31 verbose already installed skipping grunt-contrib-jshint@~0.10.0 /Users/jake/Sites/cpfc-members/wp-content/themes/main_bs3
32 silly lockFile 2b1592d4-grunt-autoprefixer-2-0-0 grunt-autoprefixer@^2.0.0
33 verbose lock grunt-autoprefixer@^2.0.0 /Users/jake/.npm/2b1592d4-grunt-autoprefixer-2-0-0.lock
34 info addNameTag [ 'grunt-contrib-concat', '^0.5.0' ]
35 info addNameTag [ 'grunt-autoprefixer', '^2.0.0' ]
36 verbose already installed skipping grunt-contrib-clean@~0.6.0 /Users/jake/Sites/cpfc-members/wp-content/themes/main_bs3
37 verbose already installed skipping load-grunt-tasks@~1.0.0 /Users/jake/Sites/cpfc-members/wp-content/themes/main_bs3
38 verbose url raw grunt-autoprefixer
39 verbose url resolving [ 'https://registry.npmjs.org/', './grunt-autoprefixer' ]
40 verbose url resolved https://registry.npmjs.org/grunt-autoprefixer
41 info trying registry request attempt 1 at 14:29:45
42 http GET https://registry.npmjs.org/grunt-autoprefixer
43 verbose already installed skipping grunt-notify@~0.4.1 /Users/jake/Sites/cpfc-members/wp-content/themes/main_bs3
44 verbose already installed skipping grunt-shell@~1.1.1 /Users/jake/Sites/cpfc-members/wp-content/themes/main_bs3
45 verbose cache add [ 'grunt-usemin@^2.6.2', null ]
46 verbose cache add name=undefined spec="grunt-usemin@^2.6.2" args=["grunt-usemin@^2.6.2",null]
47 verbose parsed url { protocol: null,
47 verbose parsed url   slashes: null,
47 verbose parsed url   auth: null,
47 verbose parsed url   host: null,
47 verbose parsed url   port: null,
47 verbose parsed url   hostname: null,
47 verbose parsed url   hash: null,
47 verbose parsed url   search: null,
47 verbose parsed url   query: null,
47 verbose parsed url   pathname: 'grunt-usemin@^2.6.2',
47 verbose parsed url   path: 'grunt-usemin@^2.6.2',
47 verbose parsed url   href: 'grunt-usemin@^2.6.2' }
48 verbose cache add name="grunt-usemin" spec="^2.6.2" args=["grunt-usemin","^2.6.2"]
49 verbose parsed url { protocol: null,
49 verbose parsed url   slashes: null,
49 verbose parsed url   auth: null,
49 verbose parsed url   host: null,
49 verbose parsed url   port: null,
49 verbose parsed url   hostname: null,
49 verbose parsed url   hash: null,
49 verbose parsed url   search: null,
49 verbose parsed url   query: null,
49 verbose parsed url   pathname: '^2.6.2',
49 verbose parsed url   path: '^2.6.2',
49 verbose parsed url   href: '^2.6.2' }
50 verbose addNamed [ 'grunt-usemin', '^2.6.2' ]
51 verbose addNamed [ null, null ]
52 silly lockFile 087f57cf-grunt-usemin-2-6-2 grunt-usemin@^2.6.2
53 verbose lock grunt-usemin@^2.6.2 /Users/jake/.npm/087f57cf-grunt-usemin-2-6-2.lock
54 info addNameTag [ 'grunt-usemin', '^2.6.2' ]
55 verbose url raw grunt-contrib-concat
56 verbose url resolving [ 'https://registry.npmjs.org/', './grunt-contrib-concat' ]
57 verbose url resolved https://registry.npmjs.org/grunt-contrib-concat
58 info trying registry request attempt 1 at 14:29:45
59 verbose etag "7E19CG0XKNCOWXWU8YYQCMI6D"
60 http GET https://registry.npmjs.org/grunt-contrib-concat
61 verbose url raw grunt-usemin
62 verbose url resolving [ 'https://registry.npmjs.org/', './grunt-usemin' ]
63 verbose url resolved https://registry.npmjs.org/grunt-usemin
64 info trying registry request attempt 1 at 14:29:45
65 verbose etag "551H4BAJ58TNZ3744EZTREXG2"
66 http GET https://registry.npmjs.org/grunt-usemin
67 http 200 https://registry.npmjs.org/grunt-contrib-concat
68 silly registry.get cb [ 200,
68 silly registry.get   { date: 'Tue, 17 Mar 2015 14:29:49 GMT',
68 silly registry.get     server: 'CouchDB/1.6.1 (Erlang OTP/R14B04)',
68 silly registry.get     etag: '"7EG7A1FGU7PSDNQDN72PJJ99Q"',
68 silly registry.get     'content-type': 'application/json',
68 silly registry.get     'cache-control': 'max-age=60',
68 silly registry.get     'content-length': '29748',
68 silly registry.get     'accept-ranges': 'bytes',
68 silly registry.get     via: '1.1 varnish',
68 silly registry.get     age: '15',
68 silly registry.get     'x-served-by': 'cache-lcy1132-LCY',
68 silly registry.get     'x-cache': 'HIT',
68 silly registry.get     'x-cache-hits': '1',
68 silly registry.get     'x-timer': 'S1426602589.311438,VS0,VE0',
68 silly registry.get     vary: 'Accept',
68 silly registry.get     'keep-alive': 'timeout=10, max=50',
68 silly registry.get     connection: 'Keep-Alive' } ]
69 silly lockFile 47c410cb-grunt-contrib-concat-0-5-0 grunt-contrib-concat@^0.5.0
70 silly lockFile 47c410cb-grunt-contrib-concat-0-5-0 grunt-contrib-concat@^0.5.0
71 error Error: No compatible version found: grunt-contrib-concat@'^0.5.0'
71 error Valid install targets:
71 error ["0.1.0","0.1.1","0.1.2","0.1.3","0.2.0","0.3.0","0.4.0","0.5.0","0.5.1","0.1.2-rc5","0.1.2-rc6"]
71 error     at installTargetsError (/usr/local/Cellar/node/0.10.15/lib/node_modules/npm/lib/cache.js:719:10)
71 error     at /usr/local/Cellar/node/0.10.15/lib/node_modules/npm/lib/cache.js:638:10
71 error     at saved (/usr/local/Cellar/node/0.10.15/lib/node_modules/npm/node_modules/npm-registry-client/lib/get.js:142:7)
71 error     at /usr/local/Cellar/node/0.10.15/lib/node_modules/npm/node_modules/graceful-fs/polyfills.js:133:7
71 error     at Object.oncomplete (fs.js:107:15)
72 error If you need help, you may report this log at:
72 error     <http://github.com/isaacs/npm/issues>
72 error or email it to:
72 error     <npm-@googlegroups.com>
73 error System Darwin 13.1.0
74 error command "/usr/local/Cellar/node/0.10.15/bin/node" "/usr/local/bin/npm" "install"
75 error cwd /Users/jake/Sites/cpfc-members/wp-content/themes/main_bs3
76 error node -v v0.10.15
77 error npm -v 1.3.5
78 verbose exit [ 1, true ]
